<?xml version="1.0" encoding="UTF-8"?>
<!-- Generated by org.testng.reporters.JUnitXMLReporter -->
<testsuite ignored="0" hostname="DESKTOP-HPG8DBN" failures="0" tests="4" name="Test" time="9.52" errors="0" timestamp="2024-11-16T09:37:49 IST">
  <testcase classname="Day8.creatUser" name="testcraeteUser" time="6.305"/>
  <testcase classname="Day8.getUser" name="testgetuser" time="1.145"/>
  <testcase classname="Day8.updateUser" name="testupdateuser" time="1.157"/>
  <testcase classname="Day8.deleteUser" name="testdeleteuser" time="0.808"/>
</testsuite> <!-- Test -->
