<?xml version="1.0" encoding="UTF-8"?>
<testng-results ignored="0" total="1" passed="1" failed="0" skipped="0">
  <reporter-output>
  </reporter-output>
  <suite started-at="2024-11-11T11:24:45 IST" name="Default suite" finished-at="2024-11-11T11:24:50 IST" duration-ms="4503">
    <groups>
    </groups>
    <test started-at="2024-11-11T11:24:45 IST" name="Default test" finished-at="2024-11-11T11:24:50 IST" duration-ms="4503">
      <class name="Day3.TestQueryAndPathParameter">
        <test-method signature="testQueryAndPathParameter()[pri:0, instance:Day3.TestQueryAndPathParameter@765d7657]" started-at="2024-11-11T11:24:45 IST" name="testQueryAndPathParameter" finished-at="2024-11-11T11:24:50 IST" duration-ms="4407" status="PASS">
          <reporter-output>
          </reporter-output>
        </test-method> <!-- testQueryAndPathParameter -->
      </class> <!-- Day3.TestQueryAndPathParameter -->
    </test> <!-- Default test -->
  </suite> <!-- Default suite -->
</testng-results>
